E, [2023-01-07T14:54:53.499069 #17820] ERROR -- Kitchen: ------Exception-------
E, [2023-01-07T14:54:53.499329 #17820] ERROR -- Kitchen: Class: Kitchen::UserError
E, [2023-01-07T14:54:53.499416 #17820] ERROR -- Kitchen: Message: Kitchen YAML file C:/GitHub/unir-rafael-chef/kitchen.yml does not exist.
E, [2023-01-07T14:54:53.499492 #17820] ERROR -- Kitchen: ----------------------
E, [2023-01-07T14:54:53.499565 #17820] ERROR -- Kitchen: ------Backtrace-------
E, [2023-01-07T14:54:53.499631 #17820] ERROR -- Kitchen: C:/opscode/chef-workstation/embedded/lib/ruby/gems/3.0.0/gems/test-kitchen-3.3.2/lib/kitchen/loader/yaml.rb:65:in `read'
E, [2023-01-07T14:54:53.499699 #17820] ERROR -- Kitchen: C:/opscode/chef-workstation/embedded/lib/ruby/gems/3.0.0/gems/test-kitchen-3.3.2/lib/kitchen/config.rb:153:in `data'
E, [2023-01-07T14:54:53.499764 #17820] ERROR -- Kitchen: C:/opscode/chef-workstation/embedded/lib/ruby/gems/3.0.0/gems/test-kitchen-3.3.2/lib/kitchen/config.rb:131:in `suites'
E, [2023-01-07T14:54:53.499828 #17820] ERROR -- Kitchen: C:/opscode/chef-workstation/embedded/lib/ruby/gems/3.0.0/gems/test-kitchen-3.3.2/lib/kitchen/config.rb:183:in `filter_instances'
E, [2023-01-07T14:54:53.499947 #17820] ERROR -- Kitchen: C:/opscode/chef-workstation/embedded/lib/ruby/gems/3.0.0/gems/test-kitchen-3.3.2/lib/kitchen/config.rb:142:in `build_instances'
E, [2023-01-07T14:54:53.500049 #17820] ERROR -- Kitchen: C:/opscode/chef-workstation/embedded/lib/ruby/gems/3.0.0/gems/test-kitchen-3.3.2/lib/kitchen/config.rb:116:in `instances'
E, [2023-01-07T14:54:53.500124 #17820] ERROR -- Kitchen: C:/opscode/chef-workstation/embedded/lib/ruby/gems/3.0.0/gems/test-kitchen-3.3.2/lib/kitchen/command.rb:109:in `filtered_instances'
E, [2023-01-07T14:54:53.500190 #17820] ERROR -- Kitchen: C:/opscode/chef-workstation/embedded/lib/ruby/gems/3.0.0/gems/test-kitchen-3.3.2/lib/kitchen/command.rb:139:in `parse_subcommand'
E, [2023-01-07T14:54:53.500255 #17820] ERROR -- Kitchen: C:/opscode/chef-workstation/embedded/lib/ruby/gems/3.0.0/gems/test-kitchen-3.3.2/lib/kitchen/command/list.rb:29:in `call'
E, [2023-01-07T14:54:53.500320 #17820] ERROR -- Kitchen: C:/opscode/chef-workstation/embedded/lib/ruby/gems/3.0.0/gems/test-kitchen-3.3.2/lib/kitchen/cli.rb:52:in `perform'
E, [2023-01-07T14:54:53.500383 #17820] ERROR -- Kitchen: C:/opscode/chef-workstation/embedded/lib/ruby/gems/3.0.0/gems/test-kitchen-3.3.2/lib/kitchen/cli.rb:120:in `list'
E, [2023-01-07T14:54:53.500446 #17820] ERROR -- Kitchen: C:/opscode/chef-workstation/embedded/lib/ruby/gems/3.0.0/gems/thor-1.2.1/lib/thor/command.rb:27:in `run'
E, [2023-01-07T14:54:53.500512 #17820] ERROR -- Kitchen: C:/opscode/chef-workstation/embedded/lib/ruby/gems/3.0.0/gems/thor-1.2.1/lib/thor/invocation.rb:127:in `invoke_command'
E, [2023-01-07T14:54:53.500579 #17820] ERROR -- Kitchen: C:/opscode/chef-workstation/embedded/lib/ruby/gems/3.0.0/gems/thor-1.2.1/lib/thor.rb:392:in `dispatch'
E, [2023-01-07T14:54:53.500644 #17820] ERROR -- Kitchen: C:/opscode/chef-workstation/embedded/lib/ruby/gems/3.0.0/gems/thor-1.2.1/lib/thor/base.rb:485:in `start'
E, [2023-01-07T14:54:53.500713 #17820] ERROR -- Kitchen: C:/opscode/chef-workstation/embedded/lib/ruby/gems/3.0.0/gems/test-kitchen-3.3.2/bin/kitchen:11:in `block in <top (required)>'
E, [2023-01-07T14:54:53.500777 #17820] ERROR -- Kitchen: C:/opscode/chef-workstation/embedded/lib/ruby/gems/3.0.0/gems/test-kitchen-3.3.2/lib/kitchen/errors.rb:183:in `with_friendly_errors'
E, [2023-01-07T14:54:53.500841 #17820] ERROR -- Kitchen: C:/opscode/chef-workstation/embedded/lib/ruby/gems/3.0.0/gems/test-kitchen-3.3.2/bin/kitchen:11:in `<top (required)>'
E, [2023-01-07T14:54:53.500905 #17820] ERROR -- Kitchen: C:/opscode/chef-workstation/bin/kitchen:407:in `load'
E, [2023-01-07T14:54:53.500968 #17820] ERROR -- Kitchen: C:/opscode/chef-workstation/bin/kitchen:407:in `<main>'
E, [2023-01-07T14:54:53.501030 #17820] ERROR -- Kitchen: ----End Backtrace-----
