E, [2023-01-07T20:35:19.333646 #7156] ERROR -- Kitchen: ------Exception-------
E, [2023-01-07T20:35:19.334040 #7156] ERROR -- Kitchen: Class: Kitchen::UserError
E, [2023-01-07T20:35:19.334214 #7156] ERROR -- Kitchen: Message: Kitchen YAML file C:/Devops/Herramientas_de_automatizacion_de_despliegue/practica/tarea2/chef-wordpress/kitchen.yml does not exist.
E, [2023-01-07T20:35:19.334370 #7156] ERROR -- Kitchen: ----------------------
E, [2023-01-07T20:35:19.334490 #7156] ERROR -- Kitchen: ------Backtrace-------
E, [2023-01-07T20:35:19.334611 #7156] ERROR -- Kitchen: C:/opscode/chef-workstation/embedded/lib/ruby/gems/3.0.0/gems/test-kitchen-3.3.2/lib/kitchen/loader/yaml.rb:65:in `read'
E, [2023-01-07T20:35:19.334730 #7156] ERROR -- Kitchen: C:/opscode/chef-workstation/embedded/lib/ruby/gems/3.0.0/gems/test-kitchen-3.3.2/lib/kitchen/config.rb:153:in `data'
E, [2023-01-07T20:35:19.336546 #7156] ERROR -- Kitchen: C:/opscode/chef-workstation/embedded/lib/ruby/gems/3.0.0/gems/test-kitchen-3.3.2/lib/kitchen/config.rb:131:in `suites'
E, [2023-01-07T20:35:19.336737 #7156] ERROR -- Kitchen: C:/opscode/chef-workstation/embedded/lib/ruby/gems/3.0.0/gems/test-kitchen-3.3.2/lib/kitchen/config.rb:183:in `filter_instances'
E, [2023-01-07T20:35:19.336890 #7156] ERROR -- Kitchen: C:/opscode/chef-workstation/embedded/lib/ruby/gems/3.0.0/gems/test-kitchen-3.3.2/lib/kitchen/config.rb:142:in `build_instances'
E, [2023-01-07T20:35:19.337019 #7156] ERROR -- Kitchen: C:/opscode/chef-workstation/embedded/lib/ruby/gems/3.0.0/gems/test-kitchen-3.3.2/lib/kitchen/config.rb:116:in `instances'
E, [2023-01-07T20:35:19.337117 #7156] ERROR -- Kitchen: C:/opscode/chef-workstation/embedded/lib/ruby/gems/3.0.0/gems/test-kitchen-3.3.2/lib/kitchen/command.rb:109:in `filtered_instances'
E, [2023-01-07T20:35:19.337214 #7156] ERROR -- Kitchen: C:/opscode/chef-workstation/embedded/lib/ruby/gems/3.0.0/gems/test-kitchen-3.3.2/lib/kitchen/command.rb:139:in `parse_subcommand'
E, [2023-01-07T20:35:19.337311 #7156] ERROR -- Kitchen: C:/opscode/chef-workstation/embedded/lib/ruby/gems/3.0.0/gems/test-kitchen-3.3.2/lib/kitchen/command/list.rb:29:in `call'
E, [2023-01-07T20:35:19.337406 #7156] ERROR -- Kitchen: C:/opscode/chef-workstation/embedded/lib/ruby/gems/3.0.0/gems/test-kitchen-3.3.2/lib/kitchen/cli.rb:52:in `perform'
E, [2023-01-07T20:35:19.337519 #7156] ERROR -- Kitchen: C:/opscode/chef-workstation/embedded/lib/ruby/gems/3.0.0/gems/test-kitchen-3.3.2/lib/kitchen/cli.rb:120:in `list'
E, [2023-01-07T20:35:19.337621 #7156] ERROR -- Kitchen: C:/opscode/chef-workstation/embedded/lib/ruby/gems/3.0.0/gems/thor-1.2.1/lib/thor/command.rb:27:in `run'
E, [2023-01-07T20:35:19.337725 #7156] ERROR -- Kitchen: C:/opscode/chef-workstation/embedded/lib/ruby/gems/3.0.0/gems/thor-1.2.1/lib/thor/invocation.rb:127:in `invoke_command'
E, [2023-01-07T20:35:19.337820 #7156] ERROR -- Kitchen: C:/opscode/chef-workstation/embedded/lib/ruby/gems/3.0.0/gems/thor-1.2.1/lib/thor.rb:392:in `dispatch'
E, [2023-01-07T20:35:19.337916 #7156] ERROR -- Kitchen: C:/opscode/chef-workstation/embedded/lib/ruby/gems/3.0.0/gems/thor-1.2.1/lib/thor/base.rb:485:in `start'
E, [2023-01-07T20:35:19.338010 #7156] ERROR -- Kitchen: C:/opscode/chef-workstation/embedded/lib/ruby/gems/3.0.0/gems/test-kitchen-3.3.2/bin/kitchen:11:in `block in <top (required)>'
E, [2023-01-07T20:35:19.338106 #7156] ERROR -- Kitchen: C:/opscode/chef-workstation/embedded/lib/ruby/gems/3.0.0/gems/test-kitchen-3.3.2/lib/kitchen/errors.rb:183:in `with_friendly_errors'
E, [2023-01-07T20:35:19.338201 #7156] ERROR -- Kitchen: C:/opscode/chef-workstation/embedded/lib/ruby/gems/3.0.0/gems/test-kitchen-3.3.2/bin/kitchen:11:in `<top (required)>'
E, [2023-01-07T20:35:19.338296 #7156] ERROR -- Kitchen: C:/opscode/chef-workstation/bin/kitchen:407:in `load'
E, [2023-01-07T20:35:19.338390 #7156] ERROR -- Kitchen: C:/opscode/chef-workstation/bin/kitchen:407:in `<main>'
E, [2023-01-07T20:35:19.338485 #7156] ERROR -- Kitchen: ----End Backtrace-----
