[    0.000000] Linux version 4.15.0-200-generic (buildd@lcy02-amd64-069) (gcc version 7.5.0 (Ubuntu 7.5.0-3ubuntu1~18.04)) #211-Ubuntu SMP Thu Nov 24 18:16:04 UTC 2022 (Ubuntu 4.15.0-200.211-generic 4.15.18)
[    0.000000] Command line: BOOT_IMAGE=/boot/vmlinuz-4.15.0-200-generic root=LABEL=cloudimg-rootfs ro console=tty1 console=ttyS0
[    0.000000] KERNEL supported cpus:
[    0.000000]   Intel GenuineIntel
[    0.000000]   AMD AuthenticAMD
[    0.000000]   Centaur CentaurHauls
[    0.000000] x86/fpu: x87 FPU will use FXSAVE
[    0.000000] e820: BIOS-provided physical RAM map:
[    0.000000] BIOS-e820: [mem 0x0000000000000000-0x000000000009fbff] usable
[    0.000000] BIOS-e820: [mem 0x000000000009fc00-0x000000000009ffff] reserved
[    0.000000] BIOS-e820: [mem 0x00000000000f0000-0x00000000000fffff] reserved
[    0.000000] BIOS-e820: [mem 0x0000000000100000-0x000000007ffeffff] usable
[    0.000000] BIOS-e820: [mem 0x000000007fff0000-0x000000007fffffff] ACPI data
[    0.000000] BIOS-e820: [mem 0x00000000fec00000-0x00000000fec00fff] reserved
[    0.000000] BIOS-e820: [mem 0x00000000fee00000-0x00000000fee00fff] reserved
[    0.000000] BIOS-e820: [mem 0x00000000fffc0000-0x00000000ffffffff] reserved
[    0.000000] NX (Execute Disable) protection: active
[    0.000000] SMBIOS 2.5 present.
[    0.000000] DMI: innotek GmbH VirtualBox/VirtualBox, BIOS VirtualBox 12/01/2006
[    0.000000] Hypervisor detected: KVM
[    0.000000] e820: last_pfn = 0x7fff0 max_arch_pfn = 0x400000000
[    0.000000] MTRR: Disabled
[    0.000000] x86/PAT: MTRRs disabled, skipping PAT initialization too.
[    0.000000] CPU MTRRs all blank - virtualized system.
[    0.000000] x86/PAT: Configuration [0-7]: WB  WT  UC- UC  WB  WT  UC- UC  
[    0.000000] found SMP MP-table at [mem 0x0009fff0-0x0009ffff]
[    0.000000] Scanning 1 areas for low memory corruption
[    0.000000] RAMDISK: [mem 0x359c9000-0x36cdbfff]
[    0.000000] ACPI: Early table checksum verification disabled
[    0.000000] ACPI: RSDP 0x00000000000E0000 000024 (v02 VBOX  )
[    0.000000] ACPI: XSDT 0x000000007FFF0030 00003C (v01 VBOX   VBOXXSDT 00000001 ASL  00000061)
[    0.000000] ACPI: FACP 0x000000007FFF00F0 0000F4 (v04 VBOX   VBOXFACP 00000001 ASL  00000061)
[    0.000000] ACPI: DSDT 0x000000007FFF0610 002353 (v02 VBOX   VBOXBIOS 00000002 INTL 20100528)
[    0.000000] ACPI: FACS 0x000000007FFF0200 000040
[    0.000000] ACPI: FACS 0x000000007FFF0200 000040
[    0.000000] ACPI: APIC 0x000000007FFF0240 00005C (v02 VBOX   VBOXAPIC 00000001 ASL  00000061)
[    0.000000] ACPI: SSDT 0x000000007FFF02A0 00036C (v01 VBOX   VBOXCPUT 00000002 INTL 20100528)
[    0.000000] ACPI: Reserving FACP table memory at [mem 0x7fff00f0-0x7fff01e3]
[    0.000000] ACPI: Reserving DSDT table memory at [mem 0x7fff0610-0x7fff2962]
[    0.000000] ACPI: Reserving FACS table memory at [mem 0x7fff0200-0x7fff023f]
[    0.000000] ACPI: Reserving FACS table memory at [mem 0x7fff0200-0x7fff023f]
[    0.000000] ACPI: Reserving APIC table memory at [mem 0x7fff0240-0x7fff029b]
[    0.000000] ACPI: Reserving SSDT table memory at [mem 0x7fff02a0-0x7fff060b]
[    0.000000] No NUMA configuration found
[    0.000000] Faking a node at [mem 0x0000000000000000-0x000000007ffeffff]
[    0.000000] NODE_DATA(0) allocated [mem 0x7ffc5000-0x7ffeffff]
[    0.000000] kvm-clock: cpu 0, msr 0:7ff44001, primary cpu clock
[    0.000000] kvm-clock: Using msrs 4b564d01 and 4b564d00
[    0.000000] kvm-clock: using sched offset of 4774848282 cycles
[    0.000000] clocksource: kvm-clock: mask: 0xffffffffffffffff max_cycles: 0x1cd42e4dffb, max_idle_ns: 881590591483 ns
[    0.000000] Zone ranges:
[    0.000000]   DMA      [mem 0x0000000000001000-0x0000000000ffffff]
[    0.000000]   DMA32    [mem 0x0000000001000000-0x000000007ffeffff]
[    0.000000]   Normal   empty
[    0.000000]   Device   empty
[    0.000000] Movable zone start for each node
[    0.000000] Early memory node ranges
[    0.000000]   node   0: [mem 0x0000000000001000-0x000000000009efff]
[    0.000000]   node   0: [mem 0x0000000000100000-0x000000007ffeffff]
[    0.000000] Reserved but unavailable: 104 pages
[    0.000000] Initmem setup node 0 [mem 0x0000000000001000-0x000000007ffeffff]
[    0.000000] ACPI: PM-Timer IO Port: 0x4008
[    0.000000] IOAPIC[0]: apic_id 2, version 32, address 0xfec00000, GSI 0-23
[    0.000000] ACPI: INT_SRC_OVR (bus 0 bus_irq 0 global_irq 2 dfl dfl)
[    0.000000] ACPI: INT_SRC_OVR (bus 0 bus_irq 9 global_irq 9 low level)
[    0.000000] Using ACPI (MADT) for SMP configuration information
[    0.000000] smpboot: Allowing 2 CPUs, 0 hotplug CPUs
[    0.000000] PM: Registered nosave memory: [mem 0x00000000-0x00000fff]
[    0.000000] PM: Registered nosave memory: [mem 0x0009f000-0x0009ffff]
[    0.000000] PM: Registered nosave memory: [mem 0x000a0000-0x000effff]
[    0.000000] PM: Registered nosave memory: [mem 0x000f0000-0x000fffff]
[    0.000000] e820: [mem 0x80000000-0xfebfffff] available for PCI devices
[    0.000000] Booting paravirtualized kernel on KVM
[    0.000000] clocksource: refined-jiffies: mask: 0xffffffff max_cycles: 0xffffffff, max_idle_ns: 7645519600211568 ns
[    0.000000] setup_percpu: NR_CPUS:8192 nr_cpumask_bits:2 nr_cpu_ids:2 nr_node_ids:1
[    0.000000] percpu: Embedded 50 pages/cpu s167936 r8192 d28672 u1048576
[    0.000000] PV qspinlock hash table entries: 256 (order: 0, 4096 bytes)
[    0.000000] Built 1 zonelists, mobility grouping on.  Total pages: 515961
[    0.000000] Policy zone: DMA32
[    0.000000] Kernel command line: BOOT_IMAGE=/boot/vmlinuz-4.15.0-200-generic root=LABEL=cloudimg-rootfs ro console=tty1 console=ttyS0
[    0.000000] Memory: 2014840K/2096696K available (12300K kernel code, 2477K rwdata, 4320K rodata, 2472K init, 2720K bss, 81856K reserved, 0K cma-reserved)
[    0.000000] SLUB: HWalign=64, Order=0-3, MinObjects=0, CPUs=2, Nodes=1
[    0.000000] ftrace: allocating 39478 entries in 155 pages
[    0.004000] Hierarchical RCU implementation.
[    0.004000] 	RCU restricting CPUs from NR_CPUS=8192 to nr_cpu_ids=2.
[    0.004000] 	Tasks RCU enabled.
[    0.004000] RCU: Adjusting geometry for rcu_fanout_leaf=16, nr_cpu_ids=2
[    0.004000] NR_IRQS: 524544, nr_irqs: 440, preallocated irqs: 16
[    0.004000] random: crng init done
[    0.004000] Console: colour VGA+ 80x25
[    0.004000] console [tty1] enabled
[    0.004000] console [ttyS0] enabled
[    0.004000] ACPI: Core revision 20170831
[    0.004000] ACPI: 2 ACPI AML tables successfully acquired and loaded
[    0.004000] APIC: Switch to symmetric I/O mode setup
[    0.004000] ..TIMER: vector=0x30 apic1=0 pin1=2 apic2=-1 pin2=-1
[    0.004000] tsc: Detected 1992.006 MHz processor
[    0.004000] Calibrating delay loop (skipped) preset value.. 3984.01 BogoMIPS (lpj=7968024)
[    0.004000] pid_max: default: 32768 minimum: 301
[    0.004097] Security Framework initialized
[    0.008004] Yama: becoming mindful.
[    0.012123] AppArmor: AppArmor initialized
[    0.032259] Dentry cache hash table entries: 262144 (order: 9, 2097152 bytes)
[    0.042800] Inode-cache hash table entries: 131072 (order: 8, 1048576 bytes)
[    0.048100] Mount-cache hash table entries: 4096 (order: 3, 32768 bytes)
[    0.052191] Mountpoint-cache hash table entries: 4096 (order: 3, 32768 bytes)
[    0.058132] Last level iTLB entries: 4KB 64, 2MB 8, 4MB 8
[    0.060003] Last level dTLB entries: 4KB 64, 2MB 0, 4MB 0, 1GB 4
[    0.064005] Spectre V1 : Mitigation: usercopy/swapgs barriers and __user pointer sanitization
[    0.068004] Spectre V2 : Mitigation: Retpolines
[    0.072002] Spectre V2 : Spectre v2 / SpectreRSB mitigation: Filling RSB on context switch
[    0.076003] Speculative Store Bypass: Vulnerable
[    0.080108] MDS: Mitigation: Clear CPU buffers
[    0.088005] MMIO Stale Data: Mitigation: Clear CPU buffers
[    0.092008] SRBDS: Unknown: Dependent on hypervisor status
[    0.096253] Freeing SMP alternatives memory: 36K
[    0.215395] smpboot: CPU0: Intel(R) Core(TM) i7-8565U CPU @ 1.80GHz (family: 0x6, model: 0x8e, stepping: 0xb)
[    0.216902] Performance Events: unsupported p6 CPU model 142 no PMU driver, software events only.
[    0.220166] Hierarchical SRCU implementation.
[    0.225198] NMI watchdog: Perf event create on CPU 0 failed with -2
[    0.228004] NMI watchdog: Perf NMI watchdog permanently disabled
[    0.232459] smp: Bringing up secondary CPUs ...
[    0.237563] x86: Booting SMP configuration:
[    0.240003] .... node  #0, CPUs:      #1
[    0.004000] kvm-clock: cpu 1, msr 0:7ff44041, secondary cpu clock
[    0.256000] TSC synchronization [CPU#0 -> CPU#1]:
[    0.256000] Measured 59018 cycles TSC warp between CPUs, turning off TSC clock.
[    0.256000] tsc: Marking TSC unstable due to check_tsc_sync_source failed
[    0.264372] smp: Brought up 1 node, 2 CPUs
[    0.268007] smpboot: Max logical packages: 1
[    0.272008] smpboot: Total of 2 processors activated (7968.02 BogoMIPS)
[    0.276915] devtmpfs: initialized
[    0.280193] x86/mm: Memory block size: 128MB
[    0.285004] evm: security.selinux
[    0.288008] evm: security.SMACK64
[    0.292005] evm: security.SMACK64EXEC
[    0.296003] evm: security.SMACK64TRANSMUTE
[    0.300003] evm: security.SMACK64MMAP
[    0.304003] evm: security.apparmor
[    0.308003] evm: security.ima
[    0.312003] evm: security.capability
[    0.320835] clocksource: jiffies: mask: 0xffffffff max_cycles: 0xffffffff, max_idle_ns: 7645041785100000 ns
[    0.324009] futex hash table entries: 512 (order: 3, 32768 bytes)
[    0.328331] pinctrl core: initialized pinctrl subsystem
[    0.332754] RTC time: 16:59:43, date: 01/07/23
[    0.337731] NET: Registered protocol family 16
[    0.340359] audit: initializing netlink subsys (disabled)
[    0.344344] audit: type=2000 audit(1673110788.921:1): state=initialized audit_enabled=0 res=1
[    0.364010] cpuidle: using governor ladder
[    0.368011] cpuidle: using governor menu
[    0.372060] ACPI: bus type PCI registered
[    0.376005] acpiphp: ACPI Hot Plug PCI Controller Driver version: 0.5
[    0.380782] PCI: Using configuration type 1 for base access
[    0.392498] HugeTLB registered 2.00 MiB page size, pre-allocated 0 pages
[    0.400585] ACPI: Added _OSI(Module Device)
[    0.404157] ACPI: Added _OSI(Processor Device)
[    0.408005] ACPI: Added _OSI(3.0 _SCP Extensions)
[    0.412004] ACPI: Added _OSI(Processor Aggregator Device)
[    0.416004] ACPI: Added _OSI(Linux-Dell-Video)
[    0.420004] ACPI: Added _OSI(Linux-Lenovo-NV-HDMI-Audio)
[    0.424005] ACPI: Added _OSI(Linux-HPI-Hybrid-Graphics)
[    0.432251] ACPI: Executed 1 blocks of module-level executable AML code
[    0.445161] ACPI: Interpreter enabled
[    0.448016] ACPI: (supports S0 S5)
[    0.452004] ACPI: Using IOAPIC for interrupt routing
[    0.456529] PCI: Using host bridge windows from ACPI; if necessary, use "pci=nocrs" and report a bug
[    0.460342] ACPI: Enabled 2 GPEs in block 00 to 07
[    0.477788] ACPI: PCI Root Bridge [PCI0] (domain 0000 [bus 00-ff])
[    0.480012] acpi PNP0A03:00: _OSC: OS supports [ASPM ClockPM Segments MSI]
[    0.485056] acpi PNP0A03:00: _OSC: not requesting OS control; OS requires [ExtendedConfig ASPM ClockPM MSI]
[    0.488015] acpi PNP0A03:00: fail to add MMCONFIG information, can't access extended PCI configuration space under this bridge.
[    0.496011] PCI host bridge to bus 0000:00
[    0.500005] pci_bus 0000:00: root bus resource [io  0x0000-0x0cf7 window]
[    0.504004] pci_bus 0000:00: root bus resource [io  0x0d00-0xffff window]
[    0.512010] pci_bus 0000:00: root bus resource [mem 0x000a0000-0x000bffff window]
[    0.516156] pci_bus 0000:00: root bus resource [mem 0x80000000-0xfdffffff window]
[    0.520006] pci_bus 0000:00: root bus resource [bus 00-ff]
[    0.533856] pci 0000:00:01.1: legacy IDE quirk: reg 0x10: [io  0x01f0-0x01f7]
[    0.536014] pci 0000:00:01.1: legacy IDE quirk: reg 0x14: [io  0x03f6]
[    0.540010] pci 0000:00:01.1: legacy IDE quirk: reg 0x18: [io  0x0170-0x0177]
[    0.544006] pci 0000:00:01.1: legacy IDE quirk: reg 0x1c: [io  0x0376]
[    0.577206] pci 0000:00:07.0: quirk: [io  0x4000-0x403f] claimed by PIIX4 ACPI
[    0.580048] pci 0000:00:07.0: quirk: [io  0x4100-0x410f] claimed by PIIX4 SMB
[    0.600354] ACPI: PCI Interrupt Link [LNKA] (IRQs 5 9 10 *11)
[    0.608026] ACPI: PCI Interrupt Link [LNKB] (IRQs 5 9 *10 11)
[    0.612275] ACPI: PCI Interrupt Link [LNKC] (IRQs 5 *9 10 11)
[    0.616268] ACPI: PCI Interrupt Link [LNKD] (IRQs 5 9 10 *11)
[    0.621121] SCSI subsystem initialized
[    0.624276] pci 0000:00:02.0: vgaarb: setting as boot VGA device
[    0.628000] pci 0000:00:02.0: vgaarb: VGA device added: decodes=io+mem,owns=io+mem,locks=none
[    0.628007] pci 0000:00:02.0: vgaarb: bridge control possible
[    0.632003] vgaarb: loaded
[    0.636117] ACPI: bus type USB registered
[    0.640023] usbcore: registered new interface driver usbfs
[    0.644041] usbcore: registered new interface driver hub
[    0.648013] usbcore: registered new device driver usb
[    0.652486] EDAC MC: Ver: 3.0.0
[    0.660517] PCI: Using ACPI for IRQ routing
[    0.669111] NetLabel: Initializing
[    0.672003] NetLabel:  domain hash size = 128
[    0.676002] NetLabel:  protocols = UNLABELED CIPSOv4 CALIPSO
[    0.680217] NetLabel:  unlabeled traffic allowed by default
[    0.684288] clocksource: Switched to clocksource kvm-clock
[    0.706115] VFS: Disk quotas dquot_6.6.0
[    0.706115] VFS: Dquot-cache hash table entries: 512 (order 0, 4096 bytes)
[    0.706115] AppArmor: AppArmor Filesystem Enabled
[    0.706115] pnp: PnP ACPI init
[    0.706115] pnp: PnP ACPI: found 3 devices
[    0.834746] clocksource: acpi_pm: mask: 0xffffff max_cycles: 0xffffff, max_idle_ns: 2085701024 ns
[    0.836169] NET: Registered protocol family 2
[    0.836169] IP idents hash table entries: 32768 (order: 6, 262144 bytes)
[    0.860796] TCP established hash table entries: 16384 (order: 5, 131072 bytes)
[    0.871312] TCP bind hash table entries: 16384 (order: 6, 262144 bytes)
[    0.881122] TCP: Hash tables configured (established 16384 bind 16384)
[    0.883739] UDP hash table entries: 1024 (order: 3, 32768 bytes)
[    0.883739] UDP-Lite hash table entries: 1024 (order: 3, 32768 bytes)
[    0.883739] NET: Registered protocol family 1
[    0.883739] pci 0000:00:00.0: Limiting direct PCI/PCI transfers
[    0.883739] pci 0000:00:01.0: Activating ISA DMA hang workarounds
[    0.883739] pci 0000:00:02.0: Video device with shadowed ROM at [mem 0x000c0000-0x000dffff]
[    0.933805] Unpacking initramfs...
[    1.620546] Freeing initrd memory: 19532K
[    1.627612] clocksource: tsc: mask: 0xffffffffffffffff max_cycles: 0x396d5dac02a, max_idle_ns: 881590811122 ns
[    1.639671] platform rtc_cmos: registered platform RTC device (no PNP device found)
[    1.649379] Scanning for low memory corruption every 60 seconds
[    1.659620] Initialise system trusted keyrings
[    1.665917] Key type blacklist registered
[    1.671728] workingset: timestamp_bits=36 max_order=19 bucket_order=0
[    1.683851] zbud: loaded
[    1.689904] squashfs: version 4.0 (2009/01/31) Phillip Lougher
[    1.699393] fuse init (API version 7.26)
[    1.733022] Key type asymmetric registered
[    1.738477] Asymmetric key parser 'x509' registered
[    1.744880] Block layer SCSI generic (bsg) driver version 0.4 loaded (major 246)
[    1.754588] io scheduler noop registered
[    1.760552] io scheduler deadline registered
[    1.765781] io scheduler cfq registered (default)
[    1.773067] ACPI: AC Adapter [AC] (on-line)
[    1.778830] input: Power Button as /devices/LNXSYSTM:00/LNXPWRBN:00/input/input0
[    1.788453] ACPI: Power Button [PWRF]
[    1.794639] input: Sleep Button as /devices/LNXSYSTM:00/LNXSLPBN:00/input/input1
[    1.803684] ACPI: Sleep Button [SLPF]
[    1.809805] Serial: 8250/16550 driver, 32 ports, IRQ sharing enabled
[    1.811551] ACPI: Battery Slot [BAT0] (battery present)
[    1.850566] 00:02: ttyS0 at I/O 0x3f8 (irq = 4, base_baud = 115200) is a 16550A
[    1.853166] Linux agpgart interface v0.103
[    1.873220] loop: module loaded
[    1.880734] scsi host0: ata_piix
[    1.886186] scsi host1: ata_piix
[    1.891009] ata1: PATA max UDMA/33 cmd 0x1f0 ctl 0x3f6 bmdma 0xd000 irq 14
[    1.899265] ata2: PATA max UDMA/33 cmd 0x170 ctl 0x376 bmdma 0xd008 irq 15
[    1.909265] tun: Universal TUN/TAP device driver, 1.6
[    1.916536] PPP generic driver version 2.4.2
[    1.920443] ehci_hcd: USB 2.0 'Enhanced' Host Controller (EHCI) Driver
[    1.920443] ehci-pci: EHCI PCI platform driver
[    1.934710] ehci-platform: EHCI generic platform driver
[    1.938641] ohci_hcd: USB 1.1 'Open' Host Controller (OHCI) Driver
[    1.948479] ohci-pci: OHCI PCI platform driver
[    1.954807] ohci-platform: OHCI generic platform driver
[    1.958716] uhci_hcd: USB Universal Host Controller Interface driver
[    1.958716] i8042: PNP: PS/2 Controller [PNP0303:PS2K,PNP0f03:PS2M] at 0x60,0x64 irq 1,12
[    1.958716] serio: i8042 KBD port at 0x60,0x64 irq 1
[    1.958716] serio: i8042 AUX port at 0x60,0x64 irq 12
[    1.958716] mousedev: PS/2 mouse device common for all mice
[    2.005706] rtc_cmos rtc_cmos: rtc core: registered rtc_cmos as rtc0
[    2.014814] input: AT Translated Set 2 keyboard as /devices/platform/i8042/serio0/input/input2
[    2.025480] rtc_cmos rtc_cmos: alarms up to one day, 114 bytes nvram
[    2.033389] i2c /dev entries driver
[    2.038111] device-mapper: uevent: version 1.0.3
[    2.044653] device-mapper: ioctl: 4.37.0-ioctl (2017-09-20) initialised: dm-devel@redhat.com
[    2.056507] ledtrig-cpu: registered to indicate activity on CPUs
[    2.106023] NET: Registered protocol family 10
[    2.158150] Segment Routing with IPv6
[    2.163494] NET: Registered protocol family 17
[    2.170704] Key type dns_resolver registered
[    2.177816] mce: Using 0 MCE banks
[    2.183093] RAS: Correctable Errors collector initialized.
[    2.190749] sched_clock: Marking stable (2190604291, 0)->(3474935577, -1284331286)
[    2.205939] registered taskstats version 1
[    2.212292] Loading compiled-in X.509 certificates
[    2.224427] Loaded X.509 cert 'Build time autogenerated kernel key: 29e5beaa583364da097e68c9386761f80dbce7ef'
[    2.238615] Loaded X.509 cert 'Canonical Ltd. Live Patch Signing: 14df34d1a87cf37625abec039ef2bf521249b969'
[    2.251569] Loaded X.509 cert 'Canonical Ltd. Kernel Module Signing: 88f752e560a1e0737e31163a466ad7b70a850c19'
[    2.264305] blacklist: Loading compiled-in revocation X.509 certificates
[    2.273294] Loaded X.509 cert 'Canonical Ltd. Secure Boot Signing: 61482aa2830d0ab2ad5af10b7250da9033ddcef0'
[    2.285991] zswap: loaded using pool lzo/zbud
[    2.306194] Key type big_key registered
[    2.312579] Key type trusted registered
[    2.323624] Key type encrypted registered
[    2.329870] AppArmor: AppArmor sha1 policy hashing enabled
[    2.337927] ima: No TPM chip found, activating TPM-bypass! (rc=-19)
[    2.346966] ima: Allocated hash algorithm: sha1
[    2.354601] evm: HMAC attrs: 0x1
[    2.361366]   Magic number: 7:633:994
[    2.368045] rtc_cmos rtc_cmos: setting system clock to 2023-01-07 16:59:45 UTC (1673110785)
[    2.381050] BIOS EDD facility v0.16 2004-Jun-25, 0 devices found
[    2.390503] EDD information not available.
[    2.401544] Freeing unused kernel image memory: 2472K
[    2.433282] Write protecting the kernel read-only data: 20480k
[    2.444998] Freeing unused kernel image memory: 2008K
[    2.452641] Freeing unused kernel image memory: 1824K
[    2.467840] x86/mm: Checked W+X mappings: passed, no W+X pages found.
Loading, please wait...
starting version 237
[    2.631108] e1000: Intel(R) PRO/1000 Network Driver - version 7.3.21-k8-NAPI
[    2.641111] e1000: Copyright (c) 1999-2006 Intel Corporation.
[    2.652556] Fusion MPT base driver 3.04.20
[    2.659385] Copyright (c) 1999-2008 LSI Corporation
[    2.700326] SSE version of gcm_enc/dec engaged.
[    2.711699] Fusion MPT SPI Host driver 3.04.20
[    2.909483] input: ImExPS/2 Generic Explorer Mouse as /devices/platform/i8042/serio1/input/input4
[    3.575306] e1000 0000:00:03.0 eth0: (PCI:33MHz:32-bit) 02:40:49:ac:f0:20
[    3.584358] e1000 0000:00:03.0 eth0: Intel(R) PRO/1000 Network Connection
[    3.595003] mptbase: ioc0: Initiating bringup
[    3.727707] ioc0: LSI53C1030 A0: Capabilities={Initiator}
[    4.007495] scsi host2: ioc0: LSI53C1030 A0, FwRev=00000000h, Ports=1, MaxQ=256, IRQ=20
[    4.186140] scsi 2:0:0:0: Direct-Access     VBOX     HARDDISK         1.0  PQ: 0 ANSI: 5
[    4.253636] scsi target2:0:0: Beginning Domain Validation
[    4.265948] scsi target2:0:0: Domain Validation skipping write tests
[    4.274433] scsi target2:0:0: Ending Domain Validation
[    4.282070] scsi target2:0:0: asynchronous
[    4.290723] scsi 2:0:1:0: Direct-Access     VBOX     HARDDISK         1.0  PQ: 0 ANSI: 5
[    4.652194] scsi target2:0:1: Beginning Domain Validation
[    4.665157] scsi target2:0:1: Domain Validation skipping write tests
[    4.671423] scsi target2:0:1: Ending Domain Validation
[    4.677099] scsi target2:0:1: asynchronous
[    4.695428] sd 2:0:0:0: Attached scsi generic sg0 type 0
[    4.701746] sd 2:0:0:0: [sda] 83886080 512-byte logical blocks: (42.9 GB/40.0 GiB)
[    4.709686] sd 2:0:1:0: Attached scsi generic sg1 type 0
[    4.716383] sd 2:0:0:0: [sda] Write Protect is off
[    4.722782] sd 2:0:0:0: [sda] Incomplete mode parameter data
[    4.730062] sd 2:0:0:0: [sda] Assuming drive cache: write through
[    4.740712] sd 2:0:1:0: [sdb] 20480 512-byte logical blocks: (10.5 MB/10.0 MiB)
[    4.743388]  sda: sda1
[    4.754715] sd 2:0:0:0: [sda] Attached SCSI disk
[    4.764272] sd 2:0:1:0: [sdb] Write Protect is off
[    4.770214] sd 2:0:1:0: [sdb] Incomplete mode parameter data
[    4.776140] sd 2:0:1:0: [sdb] Assuming drive cache: write through
[    4.790799] sd 2:0:1:0: [sdb] Attached SCSI disk
[    4.973906] e1000 0000:00:08.0 eth1: (PCI:33MHz:32-bit) 08:00:27:59:c0:bb
[    4.981348] e1000 0000:00:08.0 eth1: Intel(R) PRO/1000 Network Connection
[    4.991202] e1000 0000:00:03.0 enp0s3: renamed from eth0
[    5.043853] e1000 0000:00:08.0 enp0s8: renamed from eth1
Begin: Loading essential drivers ... [   10.014320] raid6: sse2x1   gen() 156123 MB/s
[   11.005014] raid6: sse2x1   xor() 172183 MB/s
[   12.009770] raid6: sse2x2   gen() 252999 MB/s
[   13.017630] raid6: sse2x2   xor() 202946 MB/s
[   14.008261] raid6: sse2x4   gen() 291395 MB/s
[   15.013837] raid6: sse2x4   xor() 215143 MB/s
[   15.019885] raid6: using algorithm sse2x4 gen() 291395 MB/s
[   15.027094] raid6: .... xor() 215143 MB/s, rmw enabled
[   15.034047] raid6: using ssse3x2 recovery algorithm
[   15.043808] xor: measuring software checksum speed
[   15.088892]    prefetch64-sse: 17664.000 MB/sec
[   15.132675]    generic_sse: 16915.000 MB/sec
[   15.138542] xor: using function: prefetch64-sse (17664.000 MB/sec)
[   15.148576] async_tx: api initialized (async)
done.
Begin: Running /scripts/init-premount ... done.
Begin: Mounting root file system ... Begin: Running /scripts/local-top ... done.
Begin: Running /scripts/local-premount ... [   15.228135] Btrfs loaded, crc32c=crc32c-intel
Scanning for Btrfs filesystems
done.
Warning: fsck not present, so skipping root file system
[   15.314615] EXT4-fs (sda1): mounted filesystem with ordered data mode. Opts: (null)
done.
Begin: Running /scripts/local-bottom ... done.
Begin: Running /scripts/init-bottom ... done.
[   15.627701] ip_tables: (C) 2000-2006 Netfilter Core Team
[   15.653584] systemd[1]: systemd 237 running in system mode. (+PAM +AUDIT +SELINUX +IMA +APPARMOR +SMACK +SYSVINIT +UTMP +LIBCRYPTSETUP +GCRYPT +GNUTLS +ACL +XZ +LZ4 +SECCOMP +BLKID +ELFUTILS +KMOD -IDN2 +IDN -PCRE2 default-hierarchy=hybrid)
[   15.676778] systemd[1]: Detected virtualization oracle.
[   15.683146] systemd[1]: Detected architecture x86-64.

Welcome to [1mUbuntu 18.04.6 LTS[0m!

[   15.727042] systemd[1]: Set hostname to <ubuntu>.
[   15.746058] systemd[1]: Initializing machine ID from random generator.
[   15.754045] systemd[1]: Installed transient /etc/machine-id file.
[   16.270793] systemd[1]: Reached target System Time Synchronized.
[[0;32m  OK  [0m] Reached target System Time Synchronized.
[   16.293453] systemd[1]: Created slice User and Session Slice.
[[0;32m  OK  [0m] Created slice User and Session Slice.
[   16.302966] systemd[1]: Reached target User and Group Name Lookups.
[[0;32m  OK  [0m] Reached target User and Group Name Lookups.
[   16.313217] systemd[1]: Created slice System Slice.
[[0;32m  OK  [0m] Created slice System Slice.
[[0;32m  OK  [0m] Listening on LVM2 poll daemon socket.
[[0;32m  OK  [0m] Listening on udev Control Socket.
[[0;32m  OK  [0m] Listening on fsck to fsckd communication Socket.
[[0;32m  OK  [0m] Listening on udev Kernel Socket.
[[0;32m  OK  [0m] Listening on Device-mapper event daemon FIFOs.
[[0;32m  OK  [0m] Listening on Journal Socket.
         Starting Load Kernel Modules...
         Starting Create list of required st…ce nodes for the current kernel...
         Starting udev Coldplug all Devices...
[[0;32m  OK  [0m] Listening on /dev/initctl Compatibility Named Pipe.
         Mounting Kernel Debug File System...
         Mounting POSIX Message Queue File System...
[[0;32m  OK  [0m] Reached target Slices.
[[0;32m  OK  [0m] Listening on Network Service Netlink Socket.
[[0;32m  OK  [0m] Set up automount Arbitrary Executab…rmats File System Automount Point.
         Starting File System Check on Root Device...
         Mounting Huge Pages File System...
         Starting Uncomplicated firewall...
         Starting Set the console keyboard layout...
[[0;32m  OK  [0m] Listening on LVM2 metadata daemon socket.
[   16.460985] Loading iSCSI transport class v2.0-870.
         Starting Monitoring of LVM2 mirrors…ng dmeventd or progress polling...
[[0;32m  OK  [0m] Listening on Journal Socket (/dev/log).
[[0;32m  OK  [0m] Listening on Syslog Socket.
[[0;32m  OK  [0m] Started Forward Password Requests to Wall Directory Watch.
[[0;32m  OK  [0m] Listening on Journal Audit Socket.
[[0;32m  OK  [0m] Reached target Swap.
[[0;32m  OK  [0m] Created slice system-serial\x2dgetty.slice.
         Starting Journal Service...
[[0;32m  OK  [0m] Started Create list of required sta…vice nodes for the current kernel.
[[0;32m  OK  [0m] Mounted Kernel Debug File System.
[[0;32m  OK  [0m] Mounted POSIX Message Queue File System.
[[0;32m  OK  [0m] Mounted Huge Pages File System.
[[0;32m  OK  [0m] Started Uncomplicated firewall.
[[0;32m  OK  [0m] Started File System Check Daemon to report status.
         Starting Create Static Device Nodes in /dev...
[   16.570731] iscsi: registered transport (tcp)
[[0;32m  OK  [0m] Started udev Coldplug all Devices.
[[0;32m  OK  [0m] Started Journal Service.
[[0;32m  OK  [0m] Started Create Static Device Nodes in /dev.
[[0;32m  OK  [0m] Started LVM2 metadata daemon.
[[0;32m  OK  [0m] Started File System Check on Root Device.
         Starting Remount Root and Kernel File Systems...
[   16.814162] iscsi: registered transport (iser)
[   16.822529] EXT4-fs (sda1): re-mounted. Opts: (null)
[[0;32m  OK  [0m] Started Load Kernel Modules.
         Mounting FUSE Control File System...
         Starting Apply Kernel Variables...
         Mounting Kernel Configuration File System...
[[0;32m  OK  [0m] Started Remount Root and Kernel File Systems.
[[0;32m  OK  [0m] Mounted FUSE Control File System.
         Starting udev Kernel Device Manager...
         Starting Flush Journal to Persistent Storage...
         Starting Load/Save Random Seed...
[[0;32m  OK  [0m] Mounted Kernel Configuration File System.
[[0;32m  OK  [0m] Started Apply Kernel Variables.
[[0;32m  OK  [0m] Started Monitoring of LVM2 mirrors,…sing dmeventd or progress polling.
[[0;32m  OK  [0m] Started Load/Save Random Seed.
[[0;32m  OK  [0m] Started udev Kernel Device Manager.
[[0;32m  OK  [0m] Started Flush Journal to Persistent Storage.
[[0;32m  OK  [0m] Found device /dev/ttyS0.
[[0;32m  OK  [0m] Listening on Load/Save RF Kill Switch Status /dev/rfkill Watch.
[[0;32m  OK  [0m] Started Set the console keyboard layout.
[[0;32m  OK  [0m] Reached target Local File Systems (Pre).
[[0;32m  OK  [0m] Reached target Local File Systems.
         Starting Tell Plymouth To Write Out Runtime Data...
         Starting Set console font and keymap...
         Starting Commit a transient machine-id on disk...
         Starting AppArmor initialization...
         Starting ebtables ruleset management...
         Starting Create Volatile Files and Directories...
[[0;32m  OK  [0m] Started Dispatch Password Requests to Console Directory Watch.
[[0;32m  OK  [0m] Reached target Local Encrypted Volumes.
[[0;32m  OK  [0m] Started Tell Plymouth To Write Out Runtime Data.
[[0;32m  OK  [0m] Started Create Volatile Files and Directories.
         Starting Update UTMP about System Boot/Shutdown...
[[0;32m  OK  [0m] Started Update UTMP about System Boot/Shutdown.
[[0;32m  OK  [0m] Started Commit a transient machine-id on disk.
[[0;32m  OK  [0m] Started ebtables ruleset management.
         Mounting Arbitrary Executable File Formats File System...
[[0;32m  OK  [0m] Mounted Arbitrary Executable File Formats File System.
[[0;32m  OK  [0m] Started AppArmor initialization.
         Starting Initial cloud-init job (pre-networking)...
         Starting Load AppArmor profiles managed internally by snapd...
[[0;32m  OK  [0m] Started Load AppArmor profiles managed internally by snapd.
[[0;32m  OK  [0m] Started Set console font and keymap.
[   22.567480] cloud-init[764]: Cloud-init v. 22.4.2-0ubuntu0~18.04.1 running 'init-local' at Sat, 07 Jan 2023 17:00:04 +0000. Up 21.85 seconds.
[[0;32m  OK  [0m] Started Initial cloud-init job (pre-networking).
[[0;32m  OK  [0m] Reached target Network (Pre).
         Starting Network Service...
[[0;32m  OK  [0m] Started Network Service.
         Starting Network Name Resolution...
         Starting Wait for Network to be Configured...
[[0;32m  OK  [0m] Started Network Name Resolution.
[[0;32m  OK  [0m] Reached target Network.
[[0;32m  OK  [0m] Reached target Host and Network Name Lookups.
[[0;32m  OK  [0m] Started Wait for Network to be Configured.
         Starting Initial cloud-init job (metadata service crawler)...
[   25.258868] cloud-init[927]: Cloud-init v. 22.4.2-0ubuntu0~18.04.1 running 'init' at Sat, 07 Jan 2023 17:00:08 +0000. Up 25.08 seconds.
[   25.264786] cloud-init[927]: ci-info: ++++++++++++++++++++++++++++++++++++++Net device info+++++++++++++++++++++++++++++++++++++++
[   25.270291] cloud-init[927]: ci-info: +--------+-------+----------------------------+---------------+--------+-------------------+
[   25.275316] cloud-init[927]: ci-info: | Device |   Up  |          Address           |      Mask     | Scope  |     Hw-Address    |
[   25.280432] cloud-init[927]: ci-info: +--------+-------+----------------------------+---------------+--------+-------------------+
[   25.285859] cloud-init[927]: ci-info: | enp0s3 |  True |         10.0.2.15          | 255.255.255.0 | global | 02:40:49:ac:f0:20 |
[   25.292464] cloud-init[927]: ci-info: | enp0s3 |  True | fe80::40:49ff:feac:f020/64 |       .       |  link  | 02:40:49:ac:f0:20 |
[   25.298428] cloud-init[927]: ci-info: | enp0s8 | False |             .              |       .       |   .    | 08:00:27:59:c0:bb |
[   25.303450] cloud-init[927]: ci-info: |   lo   |  True |         127.0.0.1          |   255.0.0.0   |  host  |         .         |
[   25.308923] cloud-init[927]: ci-info: |   lo   |  True |          ::1/128           |       .       |  host  |         .         |
[   25.314392] cloud-init[927]: ci-info: +--------+-------+----------------------------+---------------+--------+-------------------+
[   25.319144] cloud-init[927]: ci-info: ++++++++++++++++++++++++++++Route IPv4 info+++++++++++++++++++++++++++++
[   25.323447] cloud-init[927]: ci-info: +-------+-------------+----------+-----------------+-----------+-------+
[   25.327967] cloud-init[927]: ci-info: | Route | Destination | Gateway  |     Genmask     | Interface | Flags |
[   25.332460] cloud-init[927]: ci-info: +-------+-------------+----------+-----------------+-----------+-------+
[   25.337472] cloud-init[927]: ci-info: |   0   |   0.0.0.0   | 10.0.2.2 |     0.0.0.0     |   enp0s3  |   UG  |
[   25.342625] cloud-init[927]: ci-info: |   1   |   10.0.2.0  | 0.0.0.0  |  255.255.255.0  |   enp0s3  |   U   |
[   25.347079] cloud-init[927]: ci-info: |   2   |   10.0.2.2  | 0.0.0.0  | 255.255.255.255 |   enp0s3  |   UH  |
[   25.352049] cloud-init[927]: ci-info: +-------+-------------+----------+-----------------+-----------+-------+
[   25.357415] cloud-init[927]: ci-info: +++++++++++++++++++Route IPv6 info+++++++++++++++++++
[   25.362515] cloud-init[927]: ci-info: +-------+-------------+---------+-----------+-------+
[   25.367542] cloud-init[927]: ci-info: | Route | Destination | Gateway | Interface | Flags |
[   25.372626] cloud-init[927]: ci-info: +-------+-------------+---------+-----------+-------+
[   25.377170] cloud-init[927]: ci-info: |   1   |  fe80::/64  |    ::   |   enp0s3  |   U   |
[   25.381588] cloud-init[927]: ci-info: |   3   |    local    |    ::   |   enp0s3  |   U   |
[   25.385795] cloud-init[927]: ci-info: |   4   |   ff00::/8  |    ::   |   enp0s3  |   U   |
[   25.390530] cloud-init[927]: ci-info: +-------+-------------+---------+-----------+-------+
[   26.802917] cloud-init[927]: Generating public/private rsa key pair.
[   26.814272] cloud-init[927]: Your identification has been saved in /etc/ssh/ssh_host_rsa_key.
[   26.825384] cloud-init[927]: Your public key has been saved in /etc/ssh/ssh_host_rsa_key.pub.
[   26.838032] cloud-init[927]: The key fingerprint is:
[   26.847063] cloud-init[927]: SHA256:IKNRlbE4+bxYdEGTSZiPbzpYmyygErbsCWjNi/XUIVM root@ubuntu-bionic
[   26.862041] cloud-init[927]: The key's randomart image is:
[   26.870098] cloud-init[927]: +---[RSA 2048]----+
[   26.880218] cloud-init[927]: |    ..oB=o       |
[   26.890322] cloud-init[927]: |   . o+.oo       |
[   26.899036] [[0;32m  OK  [0m] Started Initial cloud-init job (metadata service crawler).
[[0;32m  OK  [0m] Reached target Network is Online.
cloud-init[927]: |  . * +E.        |
         Starting Availability of block devices...
[[0;32m  OK  [0m] Reached target Remote File Systems (Pre).
[[0;32m  OK  [0m] Reached target Remote File Systems.
[[0;32m  OK  [0m] Reached target Cloud-config availability.
[[0;32m  OK  [0m] Reached target System Initialization.
         Starting Socket activation for snappy daemon.
[[0;32m  OK  [0m] Listening on cloud-init hotplug hook socket.
[   26.916877] cloud-init[927]: |   o Boo.        |
[   26.952820] cloud-init[927]: |  .  o+oS        |
[   26.957153] cloud-init[927]: |o.+  o=.+        |
[   26.960687] cloud-init[927]: |=+.=.=.*         |
[   26.963923] cloud-init[927]: |=o+ * *          |
[   26.967418] cloud-init[927]: |o+ . o .         |
         Starting LXD - unix socket.
[[0;32m  OK  [0m] Started Daily Cleanup of Temporary Directories.
[[0;32m  OK  [0m] Listening on D-Bus System Message Bus Socket.
[   26.977570] cloud-init[927]: +----[SHA256]-----+
[[0;32m  OK  [0m] Started ACPI Events Check.
[[0;32m  OK  [0m] Started Discard unused blocks once a week.
[[0;32m  OK  [0m] Listening on ACPID Listen Socket.
[[0;32m  OK  [0m] Started Message of the Day.
[[0;32m  OK  [0m] Listening on UUID daemon activation socket.
[[0;32m  OK  [0m] Listening on Open-iSCSI iscsid Socket.
[[0;32m  OK  [0m] Reached target Paths.
[[0;32m  OK  [0m] Started Daily apt download activities.
[[0;32m  OK  [0m] Started Daily apt upgrade and clean activities.
[[0;32m  OK  [0m] Started Ubuntu Advantage Timer for running repeated jobs.
[[0;32m  OK  [0m] Reached target Timers.
[   26.998361] cloud-init[927]: Generating public/private dsa key pair.
[   27.043006] cloud-init[927]: Your identification has been saved in /etc/ssh/ssh_host_dsa_key.
[   27.048811] cloud-init[927]: Your public key has been saved in /etc/ssh/ssh_host_dsa_key.pub.
[   27.054580] cloud-init[927]: The key fingerprint is:
[   27.058529] cloud-init[927]: SHA256:X7i+ZIsLTHVBNH6LZZmyjDx3/6nUHL7wkBtoa+40ONQ root@ubuntu-bionic
[   27.064843] cloud-init[927]: The key's randomart image is:
[   27.068490] cloud-init[927]: +---[DSA 1024]----+
[   27.071785] cloud-init[927]: |         o=      |
[   27.075478] cloud-init[927]: |         . o o   |
[   27.079207] cloud-init[927]: |        . + *    |
[   27.083529] cloud-init[927]: |       o +.O .   |
[   27.087356] cloud-init[927]: |      . S.*E+  . |
[   27.090980] cloud-init[927]: |     o  .+.+..= .|
[   27.094405] cloud-init[927]: |      o  o== *.+ |
[   27.097816] cloud-init[927]: |       . =+o+ *.o|
[   27.101799] cloud-init[927]: |        o.B= o.+.|
[   27.105638] cloud-init[927]: +----[SHA256]-----+
[   27.109550] cloud-init[927]: Generating public/private ecdsa key pair.
[   27.116016] cloud-init[927]: Your identification has been saved in /etc/ssh/ssh_host_ecdsa_key.
[   27.124173] cloud-init[927]: Your public key has been saved in /etc/ssh/ssh_host_ecdsa_key.pub.
[   27.131467] cloud-init[927]: The key fingerprint is:
[   27.135658] cloud-init[927]: SHA256:UTjDCD5hXKo/DGpcOjQDZaBJ4uJf7mkSah3gNhVIC9g root@ubuntu-bionic
[   27.143473] cloud-init[927]: The key's randomart image is:
[   27.148000] cloud-init[927]: +---[ECDSA 256]---+
[   27.153192] cloud-init[927]: |*=+.+o.o ..      |
[   27.157623] cloud-init[927]: |B=E+.o. =.       |
[   27.165229] cloud-init[927]: |=o  =   .o       |
[   27.169081] cloud-init[927]: |+. o .   .       |
[   27.173267] cloud-init[927]: |.==. .  S        |
[   27.178445] cloud-init[927]: |o=**o            |
[   27.183501] cloud-init[927]: |o=+.*.           |
[   27.188839] cloud-init[927]: |.o.o.o.          |
[   27.195340] cloud-init[927]: |.   oo           |
[   27.200572] cloud-init[927]: +----[SHA256]-----+
[   27.205562] cloud-init[927]: Generating public/private ed25519 key pair.
[   27.210949] cloud-init[927]: Your identification has been saved in /etc/ssh/ssh_host_ed25519_key.
[   27.220549] cloud-init[927]: Your public key has been saved in /etc/ssh/ssh_host_ed25519_key.pub.
[   27.230236] cloud-init[927]: The key fingerprint is:[[0;32m  OK  [0m] Started Availability of block devices.
[[0;32m  OK  [0m] Listening on Socket activation for snappy daemon.
[[0;32m  OK  [0m] Listening on LXD - unix socket.
[[0;32m  OK  [0m] Reached target Sockets.
[[0;32m  OK  [0m] Reached target Basic System.
         Starting LSB: automatic crash report generation...
         Starting Permit User Sessions...
[[0;32m  OK  [0m] Started FUSE filesystem for LXC.
         Starting Pollinate to seed the pseudo random number generator...
         Starting LXD - container startup/shutdown...
[[0;32m  OK  [0m] Reached target Login Prompts (Pre).
         Starting Accounts Service...

[   27.306981] [[0;32m  OK  [0m] Started Deferred execution scheduler.
cloud-init[927]: SHA256:dlYDFGX+OQbegc3EXJqYY6zkVrQ0f1K4mlTpnLRTBQI root@ubuntu-bionic
[   27.336986] cloud-init[927]: The key's randomart image is:
[   27.360049] cloud-init[927]: +--[ED25519 256]--+
[   27.375180] cloud-init[927]: |         .E+Boo==|
[   27.391023] cloud-init[927]: |           B %B+.|
[   27.405201] cloud-init[[0;32m  OK  [0m] Started irqbalance daemon.
         Starting Dispatcher daemon for systemd-networkd...
[927]: |          . #=O=.|
[   27.427369]          Starting Login Service...
         Starting LSB: Record successful boot for GRUB...
cloud-init[927]: |         o *.*B= |
[   27.456101] cloud-init[927]: |        S *..o*. |
[   27.488627] [[0;32m  OK  [0m] Started Regular background program processing daemon.
[[0;32m  OK  [0m] Started D-Bus System Message Bus.
cloud-init[927]: |       . +  o. . |
[   27.537599] cloud-init[927]: |                 |
[   27.560796] cloud-init[927]: |                 |
[   27.571296] cloud-init[927]: |                 |
[   27.582595] cloud-init[927]: +----[SHA256]-----+
[[0;32m  OK  [0m] Started Login Service.
[[0;32m  OK  [0m] Started Unattended Upgrades Shutdown.
         Starting System Logging Service...
         Starting Virtualbox guest utils...
         Starting Snap Daemon...
[[0;32m  OK  [0m] Started System Logging Service.
[[0;32m  OK  [0m] Started Permit User Sessions.
         Starting Hold until boot process finishes up...
         Starting Terminate Plymouth Boot Screen...
[[0;32m  OK  [0m] Started Hold until boot process finishes up.
[[0;32m  OK  [0m] Started Terminate Plymouth Boot Screen.
         Starting Authorization Manager...
         Starting Set console scheme...
[[0;32m  OK  [0m] Started Serial Getty on ttyS0.
[[0;32m  OK  [0m] Started LSB: automatic crash report generation.
[[0;32m  OK  [0m] Started Set console scheme.
[[0;32m  OK  [0m] Created slice system-getty.slice.
[[0;32m  OK  [0m] Started Getty on tty1.
[[0;32m  OK  [0m] Reached target Login Prompts.
[[0;32m  OK  [0m] Started Authorization Manager.
[[0;32m  OK  [0m] Started Accounts Service.
[[0;32m  OK  [0m] Started LSB: Record successful boot for GRUB.
[[0;32m  OK  [0m] Started Virtualbox guest utils.
[[0;32m  OK  [0m] Started LXD - container startup/shutdown.
[[0;32m  OK  [0m] Started Dispatcher daemon for systemd-networkd.
[[0;32m  OK  [0m] Started Snap Daemon.
         Starting Wait until snapd is fully seeded...
         Starting Time & Date Service...
[[0;32m  OK  [0m] Started Time & Date Service.
[[0;32m  OK  [0m] Started Wait until snapd is fully seeded.
         Starting Apply the settings specified in cloud-config...
[   32.975702] cloud-init[1327]: Cloud-init v. 22.4.2-0ubuntu0~18.04.1 running 'modules:config' at Sat, 07 Jan 2023 17:00:15 +0000. Up 31.98 seconds.
[[0;32m  OK  [0m] Started Apply the settings specified in cloud-config.

Ubuntu 18.04.6 LTS ubuntu-bionic ttyS0

ubuntu-bionic login: ci-info: no authorized SSH keys fingerprints found for user ubuntu.
<14>Jan  7 17:00:20 cloud-init: #############################################################
<14>Jan  7 17:00:20 cloud-init: -----BEGIN SSH HOST KEY FINGERPRINTS-----
<14>Jan  7 17:00:20 cloud-init: 1024 SHA256:X7i+ZIsLTHVBNH6LZZmyjDx3/6nUHL7wkBtoa+40ONQ root@ubuntu-bionic (DSA)
<14>Jan  7 17:00:20 cloud-init: 256 SHA256:UTjDCD5hXKo/DGpcOjQDZaBJ4uJf7mkSah3gNhVIC9g root@ubuntu-bionic (ECDSA)
<14>Jan  7 17:00:20 cloud-init: 256 SHA256:dlYDFGX+OQbegc3EXJqYY6zkVrQ0f1K4mlTpnLRTBQI root@ubuntu-bionic (ED25519)
<14>Jan  7 17:00:20 cloud-init: 2048 SHA256:IKNRlbE4+bxYdEGTSZiPbzpYmyygErbsCWjNi/XUIVM root@ubuntu-bionic (RSA)
<14>Jan  7 17:00:20 cloud-init: -----END SSH HOST KEY FINGERPRINTS-----
<14>Jan  7 17:00:20 cloud-init: #############################################################
-----BEGIN SSH HOST KEY KEYS-----
ecdsa-sha2-nistp256 AAAAE2VjZHNhLXNoYTItbmlzdHAyNTYAAAAIbmlzdHAyNTYAAABBBGspscavciKFGlEFBEcRKboSpcA649oXt5nV9DU1e4vrw1W77ntUXTPozhUkllEVQqpgbo0SFNOQHRBQt2Rw8Iw= root@ubuntu-bionic
ssh-ed25519 AAAAC3NzaC1lZDI1NTE5AAAAICZfSpTn78iaw6M9N9oaaztd+hpSjkhmTufphUu0eDvc root@ubuntu-bionic
ssh-rsa AAAAB3NzaC1yc2EAAAADAQABAAABAQDIMwTgG4ZJulX9SSf4F/J+aCUhC1ZO3gSKMHN5kJ0kXP37cM64XeFN3jg2AhX/1xts95qlE0+6LMf0o4a4FZrGmbx7mQdcqFrKerVZE4q+3L/FM5iZJfTHP2olTBCXcTUP57DnBxv03Q8ISiTUwpoEsC/8mAHwsU9xLMj6QXC0wA5t3y7NwBbPfh/q5UJgRf4Xa2jQpgjVmDvhGNRfhkjq5QYAt/KqRytY8J6hfA5by9Fs2lcfFiClh9IwkII/3JNBCUXQ3rDtI9XZ1pZgnnyhppkzqI3hPeUnsm4Anx8lEcNu1DAcJg6ONYENfIK5KYvAiP8KA9pgwZctV9+BCebN root@ubuntu-bionic
-----END SSH HOST KEY KEYS-----
[   37.931080] cloud-init[1428]: Cloud-init v. 22.4.2-0ubuntu0~18.04.1 running 'modules:final' at Sat, 07 Jan 2023 17:00:20 +0000. Up 37.47 seconds.
[   37.943719] cloud-init[1428]: Cloud-init v. 22.4.2-0ubuntu0~18.04.1 finished at Sat, 07 Jan 2023 17:00:21 +0000. Datasource DataSourceNoCloud [seed=/dev/sdb][dsmode=net].  Up 37.92 seconds
